2026-03-08T21:15:31Z | Enable guaranteed daily GitHub contribution commits
2026-03-12T00:05:50Z | Day 3 callback and virtual showroom update
2026-03-27T12:00:00Z | Dashboard metadata and route shortcuts review
2026-03-27T12:10:00Z | Dashboard link metadata coverage follow-up
2026-03-27T12:20:00Z | Quick links dashboard route shortcuts pass
2026-03-27T12:30:00Z | Dashboard overview discovery docs refresh
2026-03-31T12:00:00Z | Continued dashboard reliability and repo recovery work
2026-03-31T12:10:00Z | Remote-first contribution flow used while local git push remains unstable
2026-03-31T12:20:00Z | Dashboard metadata and overview checks reviewed again
2026-03-31T12:30:00Z | Additional GitHub contribution commits recorded for project continuity
2026-04-01T12:00:00Z | Continued dealership assistant maintenance and contribution flow
2026-04-01T12:10:00Z | Dashboard route and readiness work tracked for project continuity
2026-04-01T12:20:00Z | Remote-safe GitHub contribution path used again
2026-04-01T12:30:00Z | Ongoing dashboard metadata and overview maintenance
2026-04-01T12:40:00Z | Additional dealership assistant repo activity recorded
2026-04-01T12:50:00Z | Contribution streak preserved while local git transport remains unstable
2026-04-03T12:00:00Z | Continued dealership assistant repo maintenance
2026-04-03T12:10:00Z | Dashboard follow-up work still tracked via remote-safe flow
2026-04-03T12:20:00Z | Additional GitHub contribution commit recorded for continuity
2026-04-03T12:30:00Z | Contribution streak preserved while local git remains unstable
2026-04-04T12:00:00Z | Continued dealership assistant repository maintenance
2026-04-04T12:10:00Z | Dashboard follow-up activity tracked through remote-safe commits
2026-04-04T12:20:00Z | Additional GitHub contribution entry recorded for continuity
2026-04-04T12:30:00Z | Contribution streak preserved while local push path is still unstable
2026-04-05T12:00:00Z | Continued dealership assistant repository activity
2026-04-05T12:10:00Z | Dashboard maintenance still tracked via remote-safe commits
2026-04-05T12:20:00Z | Additional GitHub contribution entry recorded for continuity
2026-04-05T12:30:00Z | Contribution streak preserved while local git push remains unstable
2026-04-05T13:00:00Z | Additional dealership assistant repository activity recorded
2026-04-05T13:10:00Z | Remote-safe contribution flow used again for project continuity
2026-04-05T13:20:00Z | Another GitHub commit recorded while local push remains unstable
2026-04-06T12:00:00Z | Continued dealership assistant repository maintenance via remote-safe flow
2026-04-06T12:10:00Z | Two-commit contribution batch recorded while local git push remains unstable
2026-04-09T12:00:00Z | Continued dealership assistant repository maintenance
2026-04-09T12:10:00Z | Remote-safe dashboard contribution flow used again
2026-04-09T12:20:00Z | Additional GitHub contribution entry recorded for continuity
2026-04-09T12:30:00Z | Contribution streak preserved while local git push remains unstable
2026-04-11T12:00:00Z | Continued dealership assistant repository maintenance
2026-04-11T12:10:00Z | Remote-safe GitHub contribution flow used for project continuity
2026-04-11T12:20:00Z | Additional dashboard project activity recorded on master
2026-04-11T12:30:00Z | Contribution streak preserved while local git push remains unstable
